Arguments: 
  /usr/bin/node /usr/share/yarn/bin/yarn.js add [package]@[tag]

PATH: 
  /home/don/.rvm/gems/ruby-2.6.6/bin:/home/don/.rvm/gems/ruby-2.6.6@global/bin:/home/don/.rvm/rubies/ruby-2.6.6/bin:/usr/local/sbin:/usr/local/bin:/usr/sbin:/usr/bin:/sbin:/bin:/usr/games:/usr/local/games:/mnt/c/Program Files/AdoptOpenJDK/jdk-11.0.10.9-hotspot/bin:/mnt/c/Python39/Scripts/:/mnt/c/Python39/:/mnt/c/Program Files (x86)/Common Files/Oracle/Java/javapath:/mnt/c/Program Files (x86)/Common Files/Intel/Shared Libraries/redist/intel64/compiler:/mnt/c/WINDOWS/system32:/mnt/c/WINDOWS:/mnt/c/WINDOWS/System32/Wbem:/mnt/c/WINDOWS/System32/WindowsPowerShell/v1.0/:/mnt/c/WINDOWS/System32/OpenSSH/:/mnt/c/Program Files/Git/cmd:/mnt/c/ProgramData/chocolatey/bin:/mnt/c/Program Files/Microsoft SQL Server/130/Tools/Binn/:/mnt/c/Program Files/Microsoft SQL Server/Client SDK/ODBC/170/Tools/Binn/:/mnt/c/Program Files/Go/bin:/mnt/c/Program Files/dotnet/:/mnt/c/Program Files/PuTTY/:/mnt/c/Program Files/nodejs/:/mnt/c/Ruby30-x64/bin:/mnt/c/Users/Don/AppData/Local/Microsoft/WindowsApps:/mnt/c/Users/Don/AppData/Local/atom/bin:/mnt/c/Users/Don/AppData/Local/GitHubDesktop/bin:/mnt/c/Users/Don/go/bin:/mnt/c/Users/Don/.dotnet/tools:/mnt/c/Users/Don/AppData/Local/Programs/Microsoft VS Code/bin:/mnt/c/Users/Don/AppData/Roaming/npm:/mnt/c/Program Files/heroku/bin:/snap/bin:/home/don/.dotnet/tools:/home/don/.rvm/bin:/home/don/.rvm/bin

Yarn version: 
  1.22.5

Node version: 
  12.21.0

Platform: 
  linux x64

Trace: 
  Error: https://registry.yarnpkg.com/[package]: Not found
      at Request.params.callback [as _callback] (/usr/share/yarn/lib/cli.js:66988:18)
      at Request.self.callback (/usr/share/yarn/lib/cli.js:140749:22)
      at Request.emit (events.js:314:20)
      at Request.<anonymous> (/usr/share/yarn/lib/cli.js:141721:10)
      at Request.emit (events.js:314:20)
      at IncomingMessage.<anonymous> (/usr/share/yarn/lib/cli.js:141643:12)
      at Object.onceWrapper (events.js:420:28)
      at IncomingMessage.emit (events.js:326:22)
      at endReadableNT (_stream_readable.js:1241:12)
      at processTicksAndRejections (internal/process/task_queues.js:84:21)

npm manifest: 
  {
    "name": "ElevatorTDD_JEST",
    "version": "1.0.0",
    "main": "index.js",
    "repository": "https://github.com/dondong1/ElevatorTDD_JEST.git",
    "author": "Don <don_nguyen2001@yahoo.com>",
    "license": "MIT"
  }

yarn manifest: 
  No manifest

Lockfile: 
  No lockfile
